[2010/07/21 08:56:08] objeto mailService creado 
[2010/07/21 08:56:59] objeto mailService creado 
[2010/07/21 08:59:14] objeto mailService creado. Nombre: Daniel Valencia, Email: danvalencia@gmail.com, Message: Hola esta es una prueba.
[2010/07/21 09:00:20] objeto mailService creado. Nombre: Daniel Valencia, Email: danvalencia@gmail.com, Message: Hola esta es una prueba.
[2010/07/21 09:01:43] objeto mailService creado. Nombre: Daniel Valencia, Email: danvalencia@gmail.com, Message: Hola esta es una prueba.
[2010/07/21 09:02:00] objeto mailService creado. Nombre: adfasdfadfDaniel Valencia, Email: danvalencia@gmail.com, Message: Hola esta es una prueba.
[2010/07/21 09:03:24] objeto mailService creado. Nombre: adfasdfadf1, Email: danvalencia@gmail.com, Message: Hola esta es una prueba.
[2010/07/21 09:04:21] Intentando enviar el mail
[2010/07/21 09:04:21] objeto mailService creado. Nombre: adfasdfadf1, Email: danvalencia@gmail.com, Message: Hola esta es una prueba.
[2010/07/21 09:05:19] objeto mailService creado. Nombre: Daniel Valencia, Email: danvalencia@gmail.com, Message: Hola esta es una prueba.
[2010/07/21 09:05:19] Intentando enviar el mail
[2010/07/21 09:05:19] Nombre: Daniel Valencia From: From: danvalencia@gmail.com To: danvalencia@gmail.com Mensaje: Hola esta es una prueba.
[2010/07/21 09:05:21] Mail enviado exitosamente
[2010/07/21 09:28:11] objeto mailService creado. Nombre: , Email: , Message: 
[2010/07/21 09:28:11] Intentando enviar el mail
[2010/07/21 09:28:11] Nombre:  From: From:  To: danvalencia@gmail.com Mensaje: 
[2010/07/21 09:28:11] Mail enviado exitosamente
[2010/07/21 09:30:54] objeto mailService creado. Nombre: , Email: , Message: 
[2010/07/21 09:30:54] Intentando enviar el mail
[2010/07/21 09:30:54] Nombre:  From: From:  To: danvalencia@gmail.com Mensaje: 
[2010/07/21 09:30:54] Mail enviado exitosamente
[2010/07/21 09:32:01] objeto mailService creado. Nombre: , Email: , Message: 
[2010/07/21 09:32:01] Intentando enviar el mail
[2010/07/21 09:32:01] Nombre:  From: From:  To: danvalencia@gmail.com Mensaje: 
[2010/07/21 09:32:01] Mail enviado exitosamente
[2010/07/21 09:34:19] objeto mailService creado. Nombre: , Email: , Message: 
[2010/07/21 09:34:19] Intentando enviar el mail
[2010/07/21 09:34:19] Nombre:  From: From:  To: danvalencia@gmail.com Mensaje: 
[2010/07/21 09:34:19] Mail enviado exitosamente
